# JRE version: OpenJDK Runtime Environment Temurin-17.0.11+9 (17.0.11+9) (build 17.0.11+9)
# Java VM: OpenJDK 64-Bit Server VM Temurin-17.0.11+9 (17.0.11+9, mixed mode, emulated-client, tiered, compressed oops, compressed class ptrs, g1 gc, windows-amd64)
GC Precious Log:
 CPUs: 4 total, 4 available
 Memory: 16126M
 Large Page Support: Disabled
 NUMA Support: Disabled
 Compressed Oops: Enabled (32-bit)
 Heap Region Size: 1M
 Heap Min Capacity: 8M
 Heap Initial Capacity: 252M
 Heap Max Capacity: 1G
 Pre-touch: Disabled
 Parallel Workers: 4
 Concurrent Workers: 1
 Concurrent Refinement Workers: 4
 Periodic GC: Disabled
Heap:
 garbage-first heap   total 78848K, used 24952K [0x00000000c0000000, 0x0000000100000000)
  region size 1024K, 1 young (1024K), 0 survivors (0K)
 Metaspace       used 39879K, committed 40448K, reserved 1114112K
  class space    used 5025K, committed 5248K, reserved 1048576K
GC Heap History (20 events):
Event: 74.482 GC heap before
{Heap before GC invocations=13 (full 3):
 garbage-first heap   total 78848K, used 24952K [0x00000000c0000000, 0x0000000100000000)
  region size 1024K, 1 young (1024K), 0 survivors (0K)
 Metaspace       used 39879K, committed 40448K, reserved 1114112K
  class space    used 5025K, committed 5248K, reserved 1048576K
}
Event: 74.504 GC heap after
{Heap after GC invocations=14 (full 4):
 garbage-first heap   total 78848K, used 24952K [0x00000000c0000000, 0x0000000100000000)
  region size 1024K, 0 young (0K), 0 survivors (0K)
 Metaspace       used 39879K, committed 40448K, reserved 1114112K
  class space    used 5025K, committed 5248K, reserved 1048576K
}
Event: 84.933 GC heap before
{Heap before GC invocations=14 (full 4):
 garbage-first heap   total 78848K, used 24952K [0x00000000c0000000, 0x0000000100000000)
  region size 1024K, 1 young (1024K), 0 survivors (0K)
 Metaspace       used 39879K, committed 40448K, reserved 1114112K
  class space    used 5025K, committed 5248K, reserved 1048576K
}
Event: 84.957 GC heap after
{Heap after GC invocations=15 (full 5):
 garbage-first heap   total 78848K, used 24952K [0x00000000c0000000, 0x0000000100000000)
  region size 1024K, 0 young (0K), 0 survivors (0K)
 Metaspace       used 39879K, committed 40448K, reserved 1114112K
  class space    used 5025K, committed 5248K, reserved 1048576K
}
Event: 95.271 GC heap before
{Heap before GC invocations=15 (full 5):
 garbage-first heap   total 78848K, used 24952K [0x00000000c0000000, 0x0000000100000000)
  region size 1024K, 1 young (1024K), 0 survivors (0K)
 Metaspace       used 39879K, committed 40448K, reserved 1114112K
  class space    used 5025K, committed 5248K, reserved 1048576K
}
Event: 95.290 GC heap after
{Heap after GC invocations=16 (full 6):
 garbage-first heap   total 78848K, used 24952K [0x00000000c0000000, 0x0000000100000000)
  region size 1024K, 0 young (0K), 0 survivors (0K)
 Metaspace       used 39879K, committed 40448K, reserved 1114112K
  class space    used 5025K, committed 5248K, reserved 1048576K
}
Event: 105.461 GC heap before
{Heap before GC invocations=16 (full 6):
 garbage-first heap   total 78848K, used 24952K [0x00000000c0000000, 0x0000000100000000)
  region size 1024K, 1 young (1024K), 0 survivors (0K)
 Metaspace       used 39879K, committed 40448K, reserved 1114112K
  class space    used 5025K, committed 5248K, reserved 1048576K
}
Event: 105.479 GC heap after
{Heap after GC invocations=17 (full 7):
 garbage-first heap   total 78848K, used 24952K [0x00000000c0000000, 0x0000000100000000)
  region size 1024K, 0 young (0K), 0 survivors (0K)
 Metaspace       used 39879K, committed 40448K, reserved 1114112K
  class space    used 5025K, committed 5248K, reserved 1048576K
}
Event: 115.720 GC heap before
{Heap before GC invocations=17 (full 7):
 garbage-first heap   total 78848K, used 24952K [0x00000000c0000000, 0x0000000100000000)
  region size 1024K, 1 young (1024K), 0 survivors (0K)
 Metaspace       used 39879K, committed 40448K, reserved 1114112K
  class space    used 5025K, committed 5248K, reserved 1048576K
}
Event: 115.742 GC heap after
{Heap after GC invocations=18 (full 8):
 garbage-first heap   total 78848K, used 24952K [0x00000000c0000000, 0x0000000100000000)
  region size 1024K, 0 young (0K), 0 survivors (0K)
 Metaspace       used 39879K, committed 40448K, reserved 1114112K
  class space    used 5025K, committed 5248K, reserved 1048576K
}
Event: 125.900 GC heap before
{Heap before GC invocations=18 (full 8):
 garbage-first heap   total 78848K, used 24952K [0x00000000c0000000, 0x0000000100000000)
  region size 1024K, 1 young (1024K), 0 survivors (0K)
 Metaspace       used 39879K, committed 40448K, reserved 1114112K
  class space    used 5025K, committed 5248K, reserved 1048576K
}
Event: 125.920 GC heap after
{Heap after GC invocations=19 (full 9):
 garbage-first heap   total 78848K, used 24952K [0x00000000c0000000, 0x0000000100000000)
  region size 1024K, 0 young (0K), 0 survivors (0K)
 Metaspace       used 39879K, committed 40448K, reserved 1114112K
  class space    used 5025K, committed 5248K, reserved 1048576K
}
Event: 136.117 GC heap before
{Heap before GC invocations=19 (full 9):
 garbage-first heap   total 78848K, used 24952K [0x00000000c0000000, 0x0000000100000000)
  region size 1024K, 1 young (1024K), 0 survivors (0K)
 Metaspace       used 39879K, committed 40448K, reserved 1114112K
  class space    used 5025K, committed 5248K, reserved 1048576K
}
Event: 136.138 GC heap after
{Heap after GC invocations=20 (full 10):
 garbage-first heap   total 78848K, used 24952K [0x00000000c0000000, 0x0000000100000000)
  region size 1024K, 0 young (0K), 0 survivors (0K)
 Metaspace       used 39879K, committed 40448K, reserved 1114112K
  class space    used 5025K, committed 5248K, reserved 1048576K
}
Event: 146.319 GC heap before
{Heap before GC invocations=20 (full 10):
 garbage-first heap   total 78848K, used 24952K [0x00000000c0000000, 0x0000000100000000)
  region size 1024K, 1 young (1024K), 0 survivors (0K)
 Metaspace       used 39879K, committed 40448K, reserved 1114112K
  class space    used 5025K, committed 5248K, reserved 1048576K
}
Event: 146.337 GC heap after
{Heap after GC invocations=21 (full 11):
 garbage-first heap   total 78848K, used 24952K [0x00000000c0000000, 0x0000000100000000)
  region size 1024K, 0 young (0K), 0 survivors (0K)
 Metaspace       used 39879K, committed 40448K, reserved 1114112K
  class space    used 5025K, committed 5248K, reserved 1048576K
}
Event: 156.497 GC heap before
{Heap before GC invocations=21 (full 11):
 garbage-first heap   total 78848K, used 24952K [0x00000000c0000000, 0x0000000100000000)
  region size 1024K, 1 young (1024K), 0 survivors (0K)
 Metaspace       used 39879K, committed 40448K, reserved 1114112K
  class space    used 5025K, committed 5248K, reserved 1048576K
}
Event: 156.517 GC heap after
{Heap after GC invocations=22 (full 12):
 garbage-first heap   total 78848K, used 24952K [0x00000000c0000000, 0x0000000100000000)
  region size 1024K, 0 young (0K), 0 survivors (0K)
 Metaspace       used 39879K, committed 40448K, reserved 1114112K
  class space    used 5025K, committed 5248K, reserved 1048576K
}
Event: 166.726 GC heap before
{Heap before GC invocations=22 (full 12):
 garbage-first heap   total 78848K, used 24952K [0x00000000c0000000, 0x0000000100000000)
  region size 1024K, 1 young (1024K), 0 survivors (0K)
 Metaspace       used 39879K, committed 40448K, reserved 1114112K
  class space    used 5025K, committed 5248K, reserved 1048576K
}
Event: 166.748 GC heap after
{Heap after GC invocations=23 (full 13):
 garbage-first heap   total 78848K, used 24952K [0x00000000c0000000, 0x0000000100000000)
  region size 1024K, 0 young (0K), 0 survivors (0K)
 Metaspace       used 39879K, committed 40448K, reserved 1114112K
  class space    used 5025K, committed 5248K, reserved 1048576K
}

