# JRE version: OpenJDK Runtime Environment Temurin-17.0.11+9 (17.0.11+9) (build 17.0.11+9)
# Java VM: OpenJDK 64-Bit Server VM Temurin-17.0.11+9 (17.0.11+9, mixed mode, emulated-client, tiered, compressed oops, compressed class ptrs, g1 gc, windows-amd64)
GC Precious Log:
 CPUs: 4 total, 4 available
 Memory: 16126M
 Large Page Support: Disabled
 NUMA Support: Disabled
 Compressed Oops: Enabled (32-bit)
 Heap Region Size: 1M
 Heap Min Capacity: 8M
 Heap Initial Capacity: 252M
 Heap Max Capacity: 1G
 Pre-touch: Disabled
 Parallel Workers: 4
 Concurrent Workers: 1
 Concurrent Refinement Workers: 4
 Periodic GC: Disabled
Heap:
 garbage-first heap   total 106496K, used 30895K [0x00000000c0000000, 0x0000000100000000)
  region size 1024K, 1 young (1024K), 0 survivors (0K)
 Metaspace       used 60804K, committed 61504K, reserved 1114112K
  class space    used 7358K, committed 7616K, reserved 1048576K
GC Heap History (20 events):
Event: 393.523 GC heap before
{Heap before GC invocations=57 (full 33):
 garbage-first heap   total 106496K, used 30895K [0x00000000c0000000, 0x0000000100000000)
  region size 1024K, 1 young (1024K), 0 survivors (0K)
 Metaspace       used 60803K, committed 61504K, reserved 1114112K
  class space    used 7358K, committed 7616K, reserved 1048576K
}
Event: 393.549 GC heap after
{Heap after GC invocations=58 (full 34):
 garbage-first heap   total 106496K, used 30895K [0x00000000c0000000, 0x0000000100000000)
  region size 1024K, 0 young (0K), 0 survivors (0K)
 Metaspace       used 60803K, committed 61504K, reserved 1114112K
  class space    used 7358K, committed 7616K, reserved 1048576K
}
Event: 403.693 GC heap before
{Heap before GC invocations=58 (full 34):
 garbage-first heap   total 106496K, used 30895K [0x00000000c0000000, 0x0000000100000000)
  region size 1024K, 1 young (1024K), 0 survivors (0K)
 Metaspace       used 60803K, committed 61504K, reserved 1114112K
  class space    used 7358K, committed 7616K, reserved 1048576K
}
Event: 403.717 GC heap after
{Heap after GC invocations=59 (full 35):
 garbage-first heap   total 106496K, used 30894K [0x00000000c0000000, 0x0000000100000000)
  region size 1024K, 0 young (0K), 0 survivors (0K)
 Metaspace       used 60803K, committed 61504K, reserved 1114112K
  class space    used 7358K, committed 7616K, reserved 1048576K
}
Event: 443.878 GC heap before
{Heap before GC invocations=59 (full 35):
 garbage-first heap   total 106496K, used 30894K [0x00000000c0000000, 0x0000000100000000)
  region size 1024K, 1 young (1024K), 0 survivors (0K)
 Metaspace       used 60804K, committed 61504K, reserved 1114112K
  class space    used 7358K, committed 7616K, reserved 1048576K
}
Event: 443.899 GC heap after
{Heap after GC invocations=60 (full 36):
 garbage-first heap   total 106496K, used 30896K [0x00000000c0000000, 0x0000000100000000)
  region size 1024K, 0 young (0K), 0 survivors (0K)
 Metaspace       used 60804K, committed 61504K, reserved 1114112K
  class space    used 7358K, committed 7616K, reserved 1048576K
}
Event: 454.038 GC heap before
{Heap before GC invocations=60 (full 36):
 garbage-first heap   total 106496K, used 30896K [0x00000000c0000000, 0x0000000100000000)
  region size 1024K, 1 young (1024K), 0 survivors (0K)
 Metaspace       used 60804K, committed 61504K, reserved 1114112K
  class space    used 7358K, committed 7616K, reserved 1048576K
}
Event: 454.062 GC heap after
{Heap after GC invocations=61 (full 37):
 garbage-first heap   total 106496K, used 30896K [0x00000000c0000000, 0x0000000100000000)
  region size 1024K, 0 young (0K), 0 survivors (0K)
 Metaspace       used 60804K, committed 61504K, reserved 1114112K
  class space    used 7358K, committed 7616K, reserved 1048576K
}
Event: 464.231 GC heap before
{Heap before GC invocations=61 (full 37):
 garbage-first heap   total 106496K, used 30896K [0x00000000c0000000, 0x0000000100000000)
  region size 1024K, 1 young (1024K), 0 survivors (0K)
 Metaspace       used 60804K, committed 61504K, reserved 1114112K
  class space    used 7358K, committed 7616K, reserved 1048576K
}
Event: 464.270 GC heap after
{Heap after GC invocations=62 (full 38):
 garbage-first heap   total 106496K, used 30896K [0x00000000c0000000, 0x0000000100000000)
  region size 1024K, 0 young (0K), 0 survivors (0K)
 Metaspace       used 60804K, committed 61504K, reserved 1114112K
  class space    used 7358K, committed 7616K, reserved 1048576K
}
Event: 474.422 GC heap before
{Heap before GC invocations=62 (full 38):
 garbage-first heap   total 106496K, used 30896K [0x00000000c0000000, 0x0000000100000000)
  region size 1024K, 1 young (1024K), 0 survivors (0K)
 Metaspace       used 60804K, committed 61504K, reserved 1114112K
  class space    used 7358K, committed 7616K, reserved 1048576K
}
Event: 474.444 GC heap after
{Heap after GC invocations=63 (full 39):
 garbage-first heap   total 106496K, used 30896K [0x00000000c0000000, 0x0000000100000000)
  region size 1024K, 0 young (0K), 0 survivors (0K)
 Metaspace       used 60804K, committed 61504K, reserved 1114112K
  class space    used 7358K, committed 7616K, reserved 1048576K
}
Event: 484.610 GC heap before
{Heap before GC invocations=63 (full 39):
 garbage-first heap   total 106496K, used 30896K [0x00000000c0000000, 0x0000000100000000)
  region size 1024K, 1 young (1024K), 0 survivors (0K)
 Metaspace       used 60804K, committed 61504K, reserved 1114112K
  class space    used 7358K, committed 7616K, reserved 1048576K
}
Event: 484.637 GC heap after
{Heap after GC invocations=64 (full 40):
 garbage-first heap   total 106496K, used 30896K [0x00000000c0000000, 0x0000000100000000)
  region size 1024K, 0 young (0K), 0 survivors (0K)
 Metaspace       used 60804K, committed 61504K, reserved 1114112K
  class space    used 7358K, committed 7616K, reserved 1048576K
}
Event: 494.777 GC heap before
{Heap before GC invocations=64 (full 40):
 garbage-first heap   total 106496K, used 30896K [0x00000000c0000000, 0x0000000100000000)
  region size 1024K, 1 young (1024K), 0 survivors (0K)
 Metaspace       used 60804K, committed 61504K, reserved 1114112K
  class space    used 7358K, committed 7616K, reserved 1048576K
}
Event: 494.803 GC heap after
{Heap after GC invocations=65 (full 41):
 garbage-first heap   total 106496K, used 30895K [0x00000000c0000000, 0x0000000100000000)
  region size 1024K, 0 young (0K), 0 survivors (0K)
 Metaspace       used 60804K, committed 61504K, reserved 1114112K
  class space    used 7358K, committed 7616K, reserved 1048576K
}
Event: 504.952 GC heap before
{Heap before GC invocations=65 (full 41):
 garbage-first heap   total 106496K, used 30895K [0x00000000c0000000, 0x0000000100000000)
  region size 1024K, 1 young (1024K), 0 survivors (0K)
 Metaspace       used 60804K, committed 61504K, reserved 1114112K
  class space    used 7358K, committed 7616K, reserved 1048576K
}
Event: 504.978 GC heap after
{Heap after GC invocations=66 (full 42):
 garbage-first heap   total 106496K, used 30895K [0x00000000c0000000, 0x0000000100000000)
  region size 1024K, 0 young (0K), 0 survivors (0K)
 Metaspace       used 60804K, committed 61504K, reserved 1114112K
  class space    used 7358K, committed 7616K, reserved 1048576K
}
Event: 515.119 GC heap before
{Heap before GC invocations=66 (full 42):
 garbage-first heap   total 106496K, used 30895K [0x00000000c0000000, 0x0000000100000000)
  region size 1024K, 1 young (1024K), 0 survivors (0K)
 Metaspace       used 60804K, committed 61504K, reserved 1114112K
  class space    used 7358K, committed 7616K, reserved 1048576K
}
Event: 515.145 GC heap after
{Heap after GC invocations=67 (full 43):
 garbage-first heap   total 106496K, used 30895K [0x00000000c0000000, 0x0000000100000000)
  region size 1024K, 0 young (0K), 0 survivors (0K)
 Metaspace       used 60804K, committed 61504K, reserved 1114112K
  class space    used 7358K, committed 7616K, reserved 1048576K
}

